app/build/intermediates/manifest_merge_blame_file/debug/manifest-merger-blame-debug-report.txt
1<?xml version="1.0" encoding="utf-8"?>
2<manifest xmlns:android="http://schemas.android.com/apk/res/android"
3    package="com.sdl.knowlegdetrove"
4    android:versionCode="1"
5    android:versionName="1.0" >
6
7    <uses-sdk
8        android:minSdkVersion="16"
8-->src/main/AndroidManifest.xml
9        android:targetSdkVersion="29" />
9-->src/main/AndroidManifest.xml
10
11    <uses-permission android:name="android.permission.INTERNET" />
11-->src/main/AndroidManifest.xml:5:5-67
11-->src/main/AndroidManifest.xml:5:22-64
12    <uses-permission android:name="android.permission.READ_EXTERNAL_STORAGE" />
12-->src/main/AndroidManifest.xml:6:5-80
12-->src/main/AndroidManifest.xml:6:22-77
13
14    <!-- Although the *SdkVersion is captured in gradle build files, this is required for non gradle builds -->
15    <!-- <uses-sdk android:minSdkVersion="14"/> -->
16    <uses-permission android:name="android.permission.ACCESS_NETWORK_STATE" />
16-->[com.google.firebase:firebase-database:19.5.1] AndroidManifest.xml:25:5-79
16-->[com.google.firebase:firebase-database:19.5.1] AndroidManifest.xml:25:22-76
17
18    <application
18-->src/main/AndroidManifest.xml:8:5-36:19
19        android:allowBackup="true"
19-->src/main/AndroidManifest.xml:9:9-35
20        android:appComponentFactory="androidx.core.app.CoreComponentFactory"
20-->[androidx.core:core:1.3.1] AndroidManifest.xml:24:18-86
21        android:debuggable="true"
22        android:icon="@mipmap/ic_launcher"
22-->src/main/AndroidManifest.xml:10:9-43
23        android:label="@string/app_name"
23-->src/main/AndroidManifest.xml:11:9-41
24        android:roundIcon="@mipmap/ic_launcher_round"
24-->src/main/AndroidManifest.xml:12:9-54
25        android:supportsRtl="true"
25-->src/main/AndroidManifest.xml:13:9-35
26        android:testOnly="true"
27        android:theme="@style/Theme.KnowlegdeTrove" >
27-->src/main/AndroidManifest.xml:14:9-52
28        <activity android:name="com.sdl.knowlegdetrove.AllUploadedebooks" />
28-->src/main/AndroidManifest.xml:15:9-64
28-->src/main/AndroidManifest.xml:15:19-52
29        <activity android:name="com.sdl.knowlegdetrove.Uploadpdf" />
29-->src/main/AndroidManifest.xml:16:9-47
29-->src/main/AndroidManifest.xml:16:19-44
30        <activity android:name="com.sdl.knowlegdetrove.Ebooks" />
30-->src/main/AndroidManifest.xml:17:9-44
30-->src/main/AndroidManifest.xml:17:19-41
31        <activity android:name="com.sdl.knowlegdetrove.Listofalluseruploadedbooks" />
31-->src/main/AndroidManifest.xml:18:9-64
31-->src/main/AndroidManifest.xml:18:19-61
32        <activity android:name="com.sdl.knowlegdetrove.BuyBooks" />
32-->src/main/AndroidManifest.xml:19:9-46
32-->src/main/AndroidManifest.xml:19:19-43
33        <activity android:name="com.sdl.knowlegdetrove.AddaNewBook" />
33-->src/main/AndroidManifest.xml:20:9-49
33-->src/main/AndroidManifest.xml:20:19-46
34        <activity android:name="com.sdl.knowlegdetrove.Sellbooks1" />
34-->src/main/AndroidManifest.xml:21:9-48
34-->src/main/AndroidManifest.xml:21:19-45
35        <activity android:name="com.sdl.knowlegdetrove.Categories" />
35-->src/main/AndroidManifest.xml:22:9-48
35-->src/main/AndroidManifest.xml:22:19-45
36        <activity android:name="com.sdl.knowlegdetrove.Signup" />
36-->src/main/AndroidManifest.xml:23:9-44
36-->src/main/AndroidManifest.xml:23:19-41
37        <activity android:name="com.sdl.knowlegdetrove.Login" />
37-->src/main/AndroidManifest.xml:24:9-43
37-->src/main/AndroidManifest.xml:24:19-40
38        <activity android:name="com.sdl.knowlegdetrove.MainActivity" >
38-->src/main/AndroidManifest.xml:25:9-31:20
38-->src/main/AndroidManifest.xml:25:19-47
39            <intent-filter>
39-->src/main/AndroidManifest.xml:26:13-30:29
40                <action android:name="android.intent.action.MAIN" />
40-->src/main/AndroidManifest.xml:27:17-69
40-->src/main/AndroidManifest.xml:27:25-66
41
42                <category android:name="android.intent.category.LAUNCHER" />
42-->src/main/AndroidManifest.xml:29:17-77
42-->src/main/AndroidManifest.xml:29:27-74
43            </intent-filter>
44        </activity>
45
46        <meta-data
46-->src/main/AndroidManifest.xml:33:9-35:57
47            android:name="preloaded_fonts"
47-->src/main/AndroidManifest.xml:34:13-43
48            android:resource="@array/preloaded_fonts" />
48-->src/main/AndroidManifest.xml:35:13-54
49
50        <service
50-->[com.google.firebase:firebase-database:19.5.1] AndroidManifest.xml:29:9-35:19
51            android:name="com.google.firebase.components.ComponentDiscoveryService"
51-->[com.google.firebase:firebase-database:19.5.1] AndroidManifest.xml:30:13-84
52            android:directBootAware="true"
52-->[com.google.firebase:firebase-common:19.3.1] AndroidManifest.xml:35:13-43
53            android:exported="false" >
53-->[com.google.firebase:firebase-database:19.5.1] AndroidManifest.xml:31:13-37
54            <meta-data
54-->[com.google.firebase:firebase-database:19.5.1] AndroidManifest.xml:32:13-34:85
55                android:name="com.google.firebase.components:com.google.firebase.database.DatabaseRegistrar"
55-->[com.google.firebase:firebase-database:19.5.1] AndroidManifest.xml:33:17-109
56                android:value="com.google.firebase.components.ComponentRegistrar" />
56-->[com.google.firebase:firebase-database:19.5.1] AndroidManifest.xml:34:17-82
57            <meta-data
57-->[com.google.firebase:firebase-storage:19.2.0] AndroidManifest.xml:33:13-35:85
58                android:name="com.google.firebase.components:com.google.firebase.storage.StorageRegistrar"
58-->[com.google.firebase:firebase-storage:19.2.0] AndroidManifest.xml:34:17-107
59                android:value="com.google.firebase.components.ComponentRegistrar" />
59-->[com.google.firebase:firebase-storage:19.2.0] AndroidManifest.xml:35:17-82
60        </service>
61
62        <provider
62-->[com.squareup.picasso:picasso:2.71828] AndroidManifest.xml:8:9-11:40
63            android:name="com.squareup.picasso.PicassoProvider"
63-->[com.squareup.picasso:picasso:2.71828] AndroidManifest.xml:9:13-64
64            android:authorities="com.sdl.knowlegdetrove.com.squareup.picasso"
64-->[com.squareup.picasso:picasso:2.71828] AndroidManifest.xml:10:13-72
65            android:exported="false" />
65-->[com.squareup.picasso:picasso:2.71828] AndroidManifest.xml:11:13-37
66
67        <activity
67-->[com.google.android.gms:play-services-base:17.0.0] AndroidManifest.xml:23:9-26:75
68            android:name="com.google.android.gms.common.api.GoogleApiActivity"
68-->[com.google.android.gms:play-services-base:17.0.0] AndroidManifest.xml:24:13-79
69            android:exported="false"
69-->[com.google.android.gms:play-services-base:17.0.0] AndroidManifest.xml:25:13-37
70            android:theme="@android:style/Theme.Translucent.NoTitleBar" />
70-->[com.google.android.gms:play-services-base:17.0.0] AndroidManifest.xml:26:13-72
71
72        <provider
72-->[com.google.firebase:firebase-common:19.3.1] AndroidManifest.xml:26:9-31:39
73            android:name="com.google.firebase.provider.FirebaseInitProvider"
73-->[com.google.firebase:firebase-common:19.3.1] AndroidManifest.xml:27:13-77
74            android:authorities="com.sdl.knowlegdetrove.firebaseinitprovider"
74-->[com.google.firebase:firebase-common:19.3.1] AndroidManifest.xml:28:13-72
75            android:directBootAware="true"
75-->[com.google.firebase:firebase-common:19.3.1] AndroidManifest.xml:29:13-43
76            android:exported="false"
76-->[com.google.firebase:firebase-common:19.3.1] AndroidManifest.xml:30:13-37
77            android:initOrder="100" />
77-->[com.google.firebase:firebase-common:19.3.1] AndroidManifest.xml:31:13-36
78
79        <meta-data
79-->[com.google.android.gms:play-services-basement:17.0.0] AndroidManifest.xml:23:9-25:69
80            android:name="com.google.android.gms.version"
80-->[com.google.android.gms:play-services-basement:17.0.0] AndroidManifest.xml:24:13-58
81            android:value="@integer/google_play_services_version" />
81-->[com.google.android.gms:play-services-basement:17.0.0] AndroidManifest.xml:25:13-66
82    </application>
83
84</manifest>